catatankeuangan/app/build/intermediates/manifest_merge_blame_file/debug/processDebugMainManifest/manifest-merger-blame-debug-report.txt
1<?xml version="1.0" encoding="utf-8"?>
2<manifest xmlns:android="http://schemas.android.com/apk/res/android"
3    package="com.example.catatankeuangan"
4    android:versionCode="1"
5    android:versionName="1.0" >
6
7    <uses-sdk
8        android:minSdkVersion="31"
9        android:targetSdkVersion="36" />
10
11    <!-- 1. IZIN GPS (Sudah Benar) -->
12    <uses-permission android:name="android.permission.ACCESS_FINE_LOCATION" />
12-->src\main\AndroidManifest.xml:6:5-79
12-->src\main\AndroidManifest.xml:6:22-76
13    <uses-permission android:name="android.permission.ACCESS_COARSE_LOCATION" />
13-->src\main\AndroidManifest.xml:7:5-81
13-->src\main\AndroidManifest.xml:7:22-78
14    <uses-permission android:name="android.permission.INTERNET" />
14-->[com.google.firebase:firebase-auth:23.0.0] AndroidManifest.xml:25:5-67
14-->[com.google.firebase:firebase-auth:23.0.0] AndroidManifest.xml:25:22-64
15    <uses-permission android:name="android.permission.ACCESS_NETWORK_STATE" />
15-->[com.google.firebase:firebase-auth:23.0.0] AndroidManifest.xml:26:5-79
15-->[com.google.firebase:firebase-auth:23.0.0] AndroidManifest.xml:26:22-76
16    <uses-permission android:name="android.permission.POST_NOTIFICATIONS" />
16-->[com.google.firebase:firebase-messaging:24.0.0] AndroidManifest.xml:23:5-77
16-->[com.google.firebase:firebase-messaging:24.0.0] AndroidManifest.xml:23:22-74
17    <uses-permission android:name="android.permission.WAKE_LOCK" /> <!-- Required by older versions of Google Play services to create IID tokens -->
17-->[com.google.firebase:firebase-messaging:24.0.0] AndroidManifest.xml:24:5-68
17-->[com.google.firebase:firebase-messaging:24.0.0] AndroidManifest.xml:24:22-65
18    <uses-permission android:name="com.google.android.c2dm.permission.RECEIVE" />
18-->[com.google.firebase:firebase-messaging:24.0.0] AndroidManifest.xml:26:5-82
18-->[com.google.firebase:firebase-messaging:24.0.0] AndroidManifest.xml:26:22-79
19    <uses-permission android:name="com.google.android.gms.permission.AD_ID" />
19-->[com.google.android.gms:play-services-measurement-api:22.0.0] AndroidManifest.xml:25:5-79
19-->[com.google.android.gms:play-services-measurement-api:22.0.0] AndroidManifest.xml:25:22-76
20    <uses-permission android:name="android.permission.ACCESS_ADSERVICES_ATTRIBUTION" />
20-->[com.google.android.gms:play-services-measurement-api:22.0.0] AndroidManifest.xml:26:5-88
20-->[com.google.android.gms:play-services-measurement-api:22.0.0] AndroidManifest.xml:26:22-85
21    <uses-permission android:name="android.permission.ACCESS_ADSERVICES_AD_ID" />
21-->[com.google.android.gms:play-services-measurement-api:22.0.0] AndroidManifest.xml:27:5-82
21-->[com.google.android.gms:play-services-measurement-api:22.0.0] AndroidManifest.xml:27:22-79
22    <uses-permission android:name="com.google.android.providers.gsf.permission.READ_GSERVICES" />
22-->[com.google.android.recaptcha:recaptcha:18.4.0] AndroidManifest.xml:9:5-98
22-->[com.google.android.recaptcha:recaptcha:18.4.0] AndroidManifest.xml:9:22-95
23    <uses-permission android:name="com.google.android.finsky.permission.BIND_GET_INSTALL_REFERRER_SERVICE" />
23-->[com.google.android.gms:play-services-measurement:22.0.0] AndroidManifest.xml:26:5-110
23-->[com.google.android.gms:play-services-measurement:22.0.0] AndroidManifest.xml:26:22-107
24
25    <permission
25-->[androidx.core:core:1.16.0] AndroidManifest.xml:22:5-24:47
26        android:name="com.example.catatankeuangan.DYNAMIC_RECEIVER_NOT_EXPORTED_PERMISSION"
26-->[androidx.core:core:1.16.0] AndroidManifest.xml:23:9-81
27        android:protectionLevel="signature" />
27-->[androidx.core:core:1.16.0] AndroidManifest.xml:24:9-44
28
29    <uses-permission android:name="com.example.catatankeuangan.DYNAMIC_RECEIVER_NOT_EXPORTED_PERMISSION" />
29-->[androidx.core:core:1.16.0] AndroidManifest.xml:26:5-97
29-->[androidx.core:core:1.16.0] AndroidManifest.xml:26:22-94
30
31    <application
31-->src\main\AndroidManifest.xml:9:5-50:19
32        android:allowBackup="true"
32-->src\main\AndroidManifest.xml:10:9-35
33        android:appComponentFactory="androidx.core.app.CoreComponentFactory"
33-->[androidx.core:core:1.16.0] AndroidManifest.xml:28:18-86
34        android:dataExtractionRules="@xml/data_extraction_rules"
34-->src\main\AndroidManifest.xml:11:9-65
35        android:debuggable="true"
36        android:extractNativeLibs="false"
37        android:fullBackupContent="@xml/backup_rules"
37-->src\main\AndroidManifest.xml:12:9-54
38        android:icon="@drawable/logo_moku"
38-->src\main\AndroidManifest.xml:13:9-43
39        android:label="@string/app_name"
39-->src\main\AndroidManifest.xml:14:9-41
40        android:roundIcon="@drawable/logo_moku"
40-->src\main\AndroidManifest.xml:15:9-48
41        android:supportsRtl="true"
41-->src\main\AndroidManifest.xml:16:9-35
42        android:testOnly="true"
43        android:theme="@style/Theme.CatatanKeuangan" >
43-->src\main\AndroidManifest.xml:17:9-53
44
45        <!-- 2. SPLASH ACTIVITY (Ini yang jadi Launcher Pertama) -->
46        <activity
46-->src\main\AndroidManifest.xml:21:9-28:20
47            android:name="com.example.catatankeuangan.SplashActivity"
47-->src\main\AndroidManifest.xml:22:13-43
48            android:exported="true" >
48-->src\main\AndroidManifest.xml:23:13-36
49            <intent-filter>
49-->src\main\AndroidManifest.xml:24:13-27:29
50                <action android:name="android.intent.action.MAIN" />
50-->src\main\AndroidManifest.xml:25:17-69
50-->src\main\AndroidManifest.xml:25:25-66
51
52                <category android:name="android.intent.category.LAUNCHER" />
52-->src\main\AndroidManifest.xml:26:17-77
52-->src\main\AndroidManifest.xml:26:27-74
53            </intent-filter>
54        </activity>
55
56        <!-- 3. MAIN ACTIVITY (Halaman Utama) -->
57        <!-- exported="false" karena hanya dipanggil oleh Splash, bukan sistem -->
58        <activity
58-->src\main\AndroidManifest.xml:32:9-34:40
59            android:name="com.example.catatankeuangan.MainActivity"
59-->src\main\AndroidManifest.xml:33:13-41
60            android:exported="false" />
60-->src\main\AndroidManifest.xml:34:13-37
61
62        <!-- 4. TAMBAH DATA ACTIVITY (Halaman Form) -->
63        <!-- WAJIB ADA agar tidak crash saat tombol tambah diklik -->
64        <activity
64-->src\main\AndroidManifest.xml:38:9-40:40
65            android:name="com.example.catatankeuangan.TambahDataActivity"
65-->src\main\AndroidManifest.xml:39:13-47
66            android:exported="false" />
66-->src\main\AndroidManifest.xml:40:13-37
67
68        <service
68-->src\main\AndroidManifest.xml:42:9-48:19
69            android:name="com.example.catatankeuangan.MyFirebaseMessagingService"
69-->src\main\AndroidManifest.xml:43:13-55
70            android:exported="false" >
70-->src\main\AndroidManifest.xml:44:13-37
71            <intent-filter>
71-->src\main\AndroidManifest.xml:45:13-47:29
72                <action android:name="com.google.firebase.MESSAGING_EVENT" />
72-->src\main\AndroidManifest.xml:46:17-78
72-->src\main\AndroidManifest.xml:46:25-75
73            </intent-filter>
74        </service>
75
76        <activity
76-->[com.google.firebase:firebase-auth:23.0.0] AndroidManifest.xml:29:9-46:20
77            android:name="com.google.firebase.auth.internal.GenericIdpActivity"
77-->[com.google.firebase:firebase-auth:23.0.0] AndroidManifest.xml:30:13-80
78            android:excludeFromRecents="true"
78-->[com.google.firebase:firebase-auth:23.0.0] AndroidManifest.xml:31:13-46
79            android:exported="true"
79-->[com.google.firebase:firebase-auth:23.0.0] AndroidManifest.xml:32:13-36
80            android:launchMode="singleTask"
80-->[com.google.firebase:firebase-auth:23.0.0] AndroidManifest.xml:33:13-44
81            android:theme="@android:style/Theme.Translucent.NoTitleBar" >
81-->[com.google.firebase:firebase-auth:23.0.0] AndroidManifest.xml:34:13-72
82            <intent-filter>
82-->[com.google.firebase:firebase-auth:23.0.0] AndroidManifest.xml:35:13-45:29
83                <action android:name="android.intent.action.VIEW" />
83-->[com.google.firebase:firebase-auth:23.0.0] AndroidManifest.xml:36:17-69
83-->[com.google.firebase:firebase-auth:23.0.0] AndroidManifest.xml:36:25-66
84
85                <category android:name="android.intent.category.DEFAULT" />
85-->[com.google.firebase:firebase-auth:23.0.0] AndroidManifest.xml:38:17-76
85-->[com.google.firebase:firebase-auth:23.0.0] AndroidManifest.xml:38:27-73
86                <category android:name="android.intent.category.BROWSABLE" />
86-->[com.google.firebase:firebase-auth:23.0.0] AndroidManifest.xml:39:17-78
86-->[com.google.firebase:firebase-auth:23.0.0] AndroidManifest.xml:39:27-75
87
88                <data
88-->[com.google.firebase:firebase-auth:23.0.0] AndroidManifest.xml:41:17-44:51
89                    android:host="firebase.auth"
89-->[com.google.firebase:firebase-auth:23.0.0] AndroidManifest.xml:42:21-49
90                    android:path="/"
90-->[com.google.firebase:firebase-auth:23.0.0] AndroidManifest.xml:43:21-37
91                    android:scheme="genericidp" />
91-->[com.google.firebase:firebase-auth:23.0.0] AndroidManifest.xml:44:21-48
92            </intent-filter>
93        </activity>
94        <activity
94-->[com.google.firebase:firebase-auth:23.0.0] AndroidManifest.xml:47:9-64:20
95            android:name="com.google.firebase.auth.internal.RecaptchaActivity"
95-->[com.google.firebase:firebase-auth:23.0.0] AndroidManifest.xml:48:13-79
96            android:excludeFromRecents="true"
96-->[com.google.firebase:firebase-auth:23.0.0] AndroidManifest.xml:49:13-46
97            android:exported="true"
97-->[com.google.firebase:firebase-auth:23.0.0] AndroidManifest.xml:50:13-36
98            android:launchMode="singleTask"
98-->[com.google.firebase:firebase-auth:23.0.0] AndroidManifest.xml:51:13-44
99            android:theme="@android:style/Theme.Translucent.NoTitleBar" >
99-->[com.google.firebase:firebase-auth:23.0.0] AndroidManifest.xml:52:13-72
100            <intent-filter>
100-->[com.google.firebase:firebase-auth:23.0.0] AndroidManifest.xml:53:13-63:29
101                <action android:name="android.intent.action.VIEW" />
101-->[com.google.firebase:firebase-auth:23.0.0] AndroidManifest.xml:36:17-69
101-->[com.google.firebase:firebase-auth:23.0.0] AndroidManifest.xml:36:25-66
102
103                <category android:name="android.intent.category.DEFAULT" />
103-->[com.google.firebase:firebase-auth:23.0.0] AndroidManifest.xml:38:17-76
103-->[com.google.firebase:firebase-auth:23.0.0] AndroidManifest.xml:38:27-73
104                <category android:name="android.intent.category.BROWSABLE" />
104-->[com.google.firebase:firebase-auth:23.0.0] AndroidManifest.xml:39:17-78
104-->[com.google.firebase:firebase-auth:23.0.0] AndroidManifest.xml:39:27-75
105
106                <data
106-->[com.google.firebase:firebase-auth:23.0.0] AndroidManifest.xml:41:17-44:51
107                    android:host="firebase.auth"
107-->[com.google.firebase:firebase-auth:23.0.0] AndroidManifest.xml:42:21-49
108                    android:path="/"
108-->[com.google.firebase:firebase-auth:23.0.0] AndroidManifest.xml:43:21-37
109                    android:scheme="recaptcha" />
109-->[com.google.firebase:firebase-auth:23.0.0] AndroidManifest.xml:44:21-48
110            </intent-filter>
111        </activity>
112
113        <service
113-->[com.google.firebase:firebase-auth:23.0.0] AndroidManifest.xml:66:9-72:19
114            android:name="com.google.firebase.components.ComponentDiscoveryService"
114-->[com.google.firebase:firebase-auth:23.0.0] AndroidManifest.xml:67:13-84
115            android:directBootAware="true"
115-->[com.google.firebase:firebase-common:21.0.0] AndroidManifest.xml:32:13-43
116            android:exported="false" >
116-->[com.google.firebase:firebase-auth:23.0.0] AndroidManifest.xml:68:13-37
117            <meta-data
117-->[com.google.firebase:firebase-auth:23.0.0] AndroidManifest.xml:69:13-71:85
118                android:name="com.google.firebase.components:com.google.firebase.auth.FirebaseAuthRegistrar"
118-->[com.google.firebase:firebase-auth:23.0.0] AndroidManifest.xml:70:17-109
119                android:value="com.google.firebase.components.ComponentRegistrar" />
119-->[com.google.firebase:firebase-auth:23.0.0] AndroidManifest.xml:71:17-82
120            <meta-data
120-->[com.google.firebase:firebase-firestore:25.0.0] AndroidManifest.xml:17:13-19:85
121                android:name="com.google.firebase.components:com.google.firebase.firestore.FirebaseFirestoreKtxRegistrar"
121-->[com.google.firebase:firebase-firestore:25.0.0] AndroidManifest.xml:18:17-122
122                android:value="com.google.firebase.components.ComponentRegistrar" />
122-->[com.google.firebase:firebase-firestore:25.0.0] AndroidManifest.xml:19:17-82
123            <meta-data
123-->[com.google.firebase:firebase-firestore:25.0.0] AndroidManifest.xml:20:13-22:85
124                android:name="com.google.firebase.components:com.google.firebase.firestore.FirestoreRegistrar"
124-->[com.google.firebase:firebase-firestore:25.0.0] AndroidManifest.xml:21:17-111
125                android:value="com.google.firebase.components.ComponentRegistrar" />
125-->[com.google.firebase:firebase-firestore:25.0.0] AndroidManifest.xml:22:17-82
126            <meta-data
126-->[com.google.firebase:firebase-messaging:24.0.0] AndroidManifest.xml:57:13-59:85
127                android:name="com.google.firebase.components:com.google.firebase.messaging.FirebaseMessagingKtxRegistrar"
127-->[com.google.firebase:firebase-messaging:24.0.0] AndroidManifest.xml:58:17-122
128                android:value="com.google.firebase.components.ComponentRegistrar" />
128-->[com.google.firebase:firebase-messaging:24.0.0] AndroidManifest.xml:59:17-82
129            <meta-data
129-->[com.google.firebase:firebase-messaging:24.0.0] AndroidManifest.xml:60:13-62:85
130                android:name="com.google.firebase.components:com.google.firebase.messaging.FirebaseMessagingRegistrar"
130-->[com.google.firebase:firebase-messaging:24.0.0] AndroidManifest.xml:61:17-119
131                android:value="com.google.firebase.components.ComponentRegistrar" />
131-->[com.google.firebase:firebase-messaging:24.0.0] AndroidManifest.xml:62:17-82
132            <meta-data
132-->[com.google.android.gms:play-services-measurement-api:22.0.0] AndroidManifest.xml:37:13-39:85
133                android:name="com.google.firebase.components:com.google.firebase.analytics.connector.internal.AnalyticsConnectorRegistrar"
133-->[com.google.android.gms:play-services-measurement-api:22.0.0] AndroidManifest.xml:38:17-139
134                android:value="com.google.firebase.components.ComponentRegistrar" />
134-->[com.google.android.gms:play-services-measurement-api:22.0.0] AndroidManifest.xml:39:17-82
135            <meta-data
135-->[com.google.firebase:firebase-installations:18.0.0] AndroidManifest.xml:15:13-17:85
136                android:name="com.google.firebase.components:com.google.firebase.installations.FirebaseInstallationsKtxRegistrar"
136-->[com.google.firebase:firebase-installations:18.0.0] AndroidManifest.xml:16:17-130
137                android:value="com.google.firebase.components.ComponentRegistrar" />
137-->[com.google.firebase:firebase-installations:18.0.0] AndroidManifest.xml:17:17-82
138            <meta-data
138-->[com.google.firebase:firebase-installations:18.0.0] AndroidManifest.xml:18:13-20:85
139                android:name="com.google.firebase.components:com.google.firebase.installations.FirebaseInstallationsRegistrar"
139-->[com.google.firebase:firebase-installations:18.0.0] AndroidManifest.xml:19:17-127
140                android:value="com.google.firebase.components.ComponentRegistrar" />
140-->[com.google.firebase:firebase-installations:18.0.0] AndroidManifest.xml:20:17-82
141            <meta-data
141-->[com.google.firebase:firebase-common-ktx:21.0.0] AndroidManifest.xml:12:13-14:85
142                android:name="com.google.firebase.components:com.google.firebase.ktx.FirebaseCommonLegacyRegistrar"
142-->[com.google.firebase:firebase-common-ktx:21.0.0] AndroidManifest.xml:13:17-116
143                android:value="com.google.firebase.components.ComponentRegistrar" />
143-->[com.google.firebase:firebase-common-ktx:21.0.0] AndroidManifest.xml:14:17-82
144            <meta-data
144-->[com.google.firebase:firebase-common:21.0.0] AndroidManifest.xml:35:13-37:85
145                android:name="com.google.firebase.components:com.google.firebase.FirebaseCommonKtxRegistrar"
145-->[com.google.firebase:firebase-common:21.0.0] AndroidManifest.xml:36:17-109
146                android:value="com.google.firebase.components.ComponentRegistrar" />
146-->[com.google.firebase:firebase-common:21.0.0] AndroidManifest.xml:37:17-82
147            <meta-data
147-->[com.google.firebase:firebase-datatransport:18.2.0] AndroidManifest.xml:25:13-27:85
148                android:name="com.google.firebase.components:com.google.firebase.datatransport.TransportRegistrar"
148-->[com.google.firebase:firebase-datatransport:18.2.0] AndroidManifest.xml:26:17-115
149                android:value="com.google.firebase.components.ComponentRegistrar" />
149-->[com.google.firebase:firebase-datatransport:18.2.0] AndroidManifest.xml:27:17-82
150        </service>
151
152        <receiver
152-->[com.google.firebase:firebase-messaging:24.0.0] AndroidManifest.xml:29:9-40:20
153            android:name="com.google.firebase.iid.FirebaseInstanceIdReceiver"
153-->[com.google.firebase:firebase-messaging:24.0.0] AndroidManifest.xml:30:13-78
154            android:exported="true"
154-->[com.google.firebase:firebase-messaging:24.0.0] AndroidManifest.xml:31:13-36
155            android:permission="com.google.android.c2dm.permission.SEND" >
155-->[com.google.firebase:firebase-messaging:24.0.0] AndroidManifest.xml:32:13-73
156            <intent-filter>
156-->[com.google.firebase:firebase-messaging:24.0.0] AndroidManifest.xml:33:13-35:29
157                <action android:name="com.google.android.c2dm.intent.RECEIVE" />
157-->[com.google.firebase:firebase-messaging:24.0.0] AndroidManifest.xml:34:17-81
157-->[com.google.firebase:firebase-messaging:24.0.0] AndroidManifest.xml:34:25-78
158            </intent-filter>
159
160            <meta-data
160-->[com.google.firebase:firebase-messaging:24.0.0] AndroidManifest.xml:37:13-39:40
161                android:name="com.google.android.gms.cloudmessaging.FINISHED_AFTER_HANDLED"
161-->[com.google.firebase:firebase-messaging:24.0.0] AndroidManifest.xml:38:17-92
162                android:value="true" />
162-->[com.google.firebase:firebase-messaging:24.0.0] AndroidManifest.xml:39:17-37
163        </receiver>
164        <!--
165             FirebaseMessagingService performs security checks at runtime,
166             but set to not exported to explicitly avoid allowing another app to call it.
167        -->
168        <service
168-->[com.google.firebase:firebase-messaging:24.0.0] AndroidManifest.xml:46:9-53:19
169            android:name="com.google.firebase.messaging.FirebaseMessagingService"
169-->[com.google.firebase:firebase-messaging:24.0.0] AndroidManifest.xml:47:13-82
170            android:directBootAware="true"
170-->[com.google.firebase:firebase-messaging:24.0.0] AndroidManifest.xml:48:13-43
171            android:exported="false" >
171-->[com.google.firebase:firebase-messaging:24.0.0] AndroidManifest.xml:49:13-37
172            <intent-filter android:priority="-500" >
172-->src\main\AndroidManifest.xml:45:13-47:29
173                <action android:name="com.google.firebase.MESSAGING_EVENT" />
173-->src\main\AndroidManifest.xml:46:17-78
173-->src\main\AndroidManifest.xml:46:25-75
174            </intent-filter>
175        </service>
176        <service
176-->[androidx.credentials:credentials-play-services-auth:1.2.0-rc01] AndroidManifest.xml:24:9-32:19
177            android:name="androidx.credentials.playservices.CredentialProviderMetadataHolder"
177-->[androidx.credentials:credentials-play-services-auth:1.2.0-rc01] AndroidManifest.xml:25:13-94
178            android:enabled="true"
178-->[androidx.credentials:credentials-play-services-auth:1.2.0-rc01] AndroidManifest.xml:26:13-35
179            android:exported="false" >
179-->[androidx.credentials:credentials-play-services-auth:1.2.0-rc01] AndroidManifest.xml:27:13-37
180            <meta-data
180-->[androidx.credentials:credentials-play-services-auth:1.2.0-rc01] AndroidManifest.xml:29:13-31:104
181                android:name="androidx.credentials.CREDENTIAL_PROVIDER_KEY"
181-->[androidx.credentials:credentials-play-services-auth:1.2.0-rc01] AndroidManifest.xml:30:17-76
182                android:value="androidx.credentials.playservices.CredentialProviderPlayServicesImpl" />
182-->[androidx.credentials:credentials-play-services-auth:1.2.0-rc01] AndroidManifest.xml:31:17-101
183        </service>
184
185        <activity
185-->[androidx.credentials:credentials-play-services-auth:1.2.0-rc01] AndroidManifest.xml:34:9-41:20
186            android:name="androidx.credentials.playservices.HiddenActivity"
186-->[androidx.credentials:credentials-play-services-auth:1.2.0-rc01] AndroidManifest.xml:35:13-76
187            android:configChanges="orientation|screenSize|screenLayout|keyboardHidden"
187-->[androidx.credentials:credentials-play-services-auth:1.2.0-rc01] AndroidManifest.xml:36:13-87
188            android:enabled="true"
188-->[androidx.credentials:credentials-play-services-auth:1.2.0-rc01] AndroidManifest.xml:37:13-35
189            android:exported="false"
189-->[androidx.credentials:credentials-play-services-auth:1.2.0-rc01] AndroidManifest.xml:38:13-37
190            android:fitsSystemWindows="true"
190-->[androidx.credentials:credentials-play-services-auth:1.2.0-rc01] AndroidManifest.xml:39:13-45
191            android:theme="@style/Theme.Hidden" >
191-->[androidx.credentials:credentials-play-services-auth:1.2.0-rc01] AndroidManifest.xml:40:13-48
192        </activity>
193        <activity
193-->[com.google.android.gms:play-services-auth:20.7.0] AndroidManifest.xml:23:9-27:75
194            android:name="com.google.android.gms.auth.api.signin.internal.SignInHubActivity"
194-->[com.google.android.gms:play-services-auth:20.7.0] AndroidManifest.xml:24:13-93
195            android:excludeFromRecents="true"
195-->[com.google.android.gms:play-services-auth:20.7.0] AndroidManifest.xml:25:13-46
196            android:exported="false"
196-->[com.google.android.gms:play-services-auth:20.7.0] AndroidManifest.xml:26:13-37
197            android:theme="@android:style/Theme.Translucent.NoTitleBar" />
197-->[com.google.android.gms:play-services-auth:20.7.0] AndroidManifest.xml:27:13-72
198        <!--
199            Service handling Google Sign-In user revocation. For apps that do not integrate with
200            Google Sign-In, this service will never be started.
201        -->
202        <service
202-->[com.google.android.gms:play-services-auth:20.7.0] AndroidManifest.xml:33:9-37:51
203            android:name="com.google.android.gms.auth.api.signin.RevocationBoundService"
203-->[com.google.android.gms:play-services-auth:20.7.0] AndroidManifest.xml:34:13-89
204            android:exported="true"
204-->[com.google.android.gms:play-services-auth:20.7.0] AndroidManifest.xml:35:13-36
205            android:permission="com.google.android.gms.auth.api.signin.permission.REVOCATION_NOTIFICATION"
205-->[com.google.android.gms:play-services-auth:20.7.0] AndroidManifest.xml:36:13-107
206            android:visibleToInstantApps="true" />
206-->[com.google.android.gms:play-services-auth:20.7.0] AndroidManifest.xml:37:13-48
207
208        <activity
208-->[com.google.android.gms:play-services-base:18.5.0] AndroidManifest.xml:5:9-173
209            android:name="com.google.android.gms.common.api.GoogleApiActivity"
209-->[com.google.android.gms:play-services-base:18.5.0] AndroidManifest.xml:5:19-85
210            android:exported="false"
210-->[com.google.android.gms:play-services-base:18.5.0] AndroidManifest.xml:5:146-170
211            android:theme="@android:style/Theme.Translucent.NoTitleBar" />
211-->[com.google.android.gms:play-services-base:18.5.0] AndroidManifest.xml:5:86-145
212
213        <property
213-->[com.google.android.gms:play-services-measurement-api:22.0.0] AndroidManifest.xml:30:9-32:61
214            android:name="android.adservices.AD_SERVICES_CONFIG"
214-->[com.google.android.gms:play-services-measurement-api:22.0.0] AndroidManifest.xml:31:13-65
215            android:resource="@xml/ga_ad_services_config" />
215-->[com.google.android.gms:play-services-measurement-api:22.0.0] AndroidManifest.xml:32:13-58
216
217        <provider
217-->[com.google.firebase:firebase-common:21.0.0] AndroidManifest.xml:23:9-28:39
218            android:name="com.google.firebase.provider.FirebaseInitProvider"
218-->[com.google.firebase:firebase-common:21.0.0] AndroidManifest.xml:24:13-77
219            android:authorities="com.example.catatankeuangan.firebaseinitprovider"
219-->[com.google.firebase:firebase-common:21.0.0] AndroidManifest.xml:25:13-72
220            android:directBootAware="true"
220-->[com.google.firebase:firebase-common:21.0.0] AndroidManifest.xml:26:13-43
221            android:exported="false"
221-->[com.google.firebase:firebase-common:21.0.0] AndroidManifest.xml:27:13-37
222            android:initOrder="100" />
222-->[com.google.firebase:firebase-common:21.0.0] AndroidManifest.xml:28:13-36
223        <provider
223-->[androidx.emoji2:emoji2:1.3.0] AndroidManifest.xml:24:9-32:20
224            android:name="androidx.startup.InitializationProvider"
224-->[androidx.emoji2:emoji2:1.3.0] AndroidManifest.xml:25:13-67
225            android:authorities="com.example.catatankeuangan.androidx-startup"
225-->[androidx.emoji2:emoji2:1.3.0] AndroidManifest.xml:26:13-68
226            android:exported="false" >
226-->[androidx.emoji2:emoji2:1.3.0] AndroidManifest.xml:27:13-37
227            <meta-data
227-->[androidx.emoji2:emoji2:1.3.0] AndroidManifest.xml:29:13-31:52
228                android:name="androidx.emoji2.text.EmojiCompatInitializer"
228-->[androidx.emoji2:emoji2:1.3.0] AndroidManifest.xml:30:17-75
229                android:value="androidx.startup" />
229-->[androidx.emoji2:emoji2:1.3.0] AndroidManifest.xml:31:17-49
230            <meta-data
230-->[androidx.lifecycle:lifecycle-process:2.6.2] AndroidManifest.xml:29:13-31:52
231                android:name="androidx.lifecycle.ProcessLifecycleInitializer"
231-->[androidx.lifecycle:lifecycle-process:2.6.2] AndroidManifest.xml:30:17-78
232                android:value="androidx.startup" />
232-->[androidx.lifecycle:lifecycle-process:2.6.2] AndroidManifest.xml:31:17-49
233            <meta-data
233-->[androidx.profileinstaller:profileinstaller:1.4.0] AndroidManifest.xml:29:13-31:52
234                android:name="androidx.profileinstaller.ProfileInstallerInitializer"
234-->[androidx.profileinstaller:profileinstaller:1.4.0] AndroidManifest.xml:30:17-85
235                android:value="androidx.startup" />
235-->[androidx.profileinstaller:profileinstaller:1.4.0] AndroidManifest.xml:31:17-49
236        </provider>
237
238        <receiver
238-->[com.google.android.gms:play-services-measurement:22.0.0] AndroidManifest.xml:29:9-33:20
239            android:name="com.google.android.gms.measurement.AppMeasurementReceiver"
239-->[com.google.android.gms:play-services-measurement:22.0.0] AndroidManifest.xml:30:13-85
240            android:enabled="true"
240-->[com.google.android.gms:play-services-measurement:22.0.0] AndroidManifest.xml:31:13-35
241            android:exported="false" >
241-->[com.google.android.gms:play-services-measurement:22.0.0] AndroidManifest.xml:32:13-37
242        </receiver>
243
244        <service
244-->[com.google.android.gms:play-services-measurement:22.0.0] AndroidManifest.xml:35:9-38:40
245            android:name="com.google.android.gms.measurement.AppMeasurementService"
245-->[com.google.android.gms:play-services-measurement:22.0.0] AndroidManifest.xml:36:13-84
246            android:enabled="true"
246-->[com.google.android.gms:play-services-measurement:22.0.0] AndroidManifest.xml:37:13-35
247            android:exported="false" />
247-->[com.google.android.gms:play-services-measurement:22.0.0] AndroidManifest.xml:38:13-37
248        <service
248-->[com.google.android.gms:play-services-measurement:22.0.0] AndroidManifest.xml:39:9-43:72
249            android:name="com.google.android.gms.measurement.AppMeasurementJobService"
249-->[com.google.android.gms:play-services-measurement:22.0.0] AndroidManifest.xml:40:13-87
250            android:enabled="true"
250-->[com.google.android.gms:play-services-measurement:22.0.0] AndroidManifest.xml:41:13-35
251            android:exported="false"
251-->[com.google.android.gms:play-services-measurement:22.0.0] AndroidManifest.xml:42:13-37
252            android:permission="android.permission.BIND_JOB_SERVICE" />
252-->[com.google.android.gms:play-services-measurement:22.0.0] AndroidManifest.xml:43:13-69
253
254        <uses-library
254-->[androidx.privacysandbox.ads:ads-adservices:1.0.0-beta05] AndroidManifest.xml:23:9-25:40
255            android:name="android.ext.adservices"
255-->[androidx.privacysandbox.ads:ads-adservices:1.0.0-beta05] AndroidManifest.xml:24:13-50
256            android:required="false" />
256-->[androidx.privacysandbox.ads:ads-adservices:1.0.0-beta05] AndroidManifest.xml:25:13-37
257
258        <meta-data
258-->[com.google.android.gms:play-services-basement:18.4.0] AndroidManifest.xml:6:9-122
259            android:name="com.google.android.gms.version"
259-->[com.google.android.gms:play-services-basement:18.4.0] AndroidManifest.xml:6:20-65
260            android:value="@integer/google_play_services_version" />
260-->[com.google.android.gms:play-services-basement:18.4.0] AndroidManifest.xml:6:66-119
261
262        <service